c:\programming\hw\bd\bd\debug\vc141.pdb
c:\programming\hw\bd\bd\debug\vc141.idb
c:\programming\hw\bd\bd\debug\bddlg.obj
c:\programming\hw\bd\bd\debug\bd.obj
c:\programming\hw\bd\bd\debug\databasecontroller.obj
c:\programming\hw\bd\bd\debug\cstudentdlg.obj
c:\programming\hw\bd\bd\debug\bd.pch
c:\programming\hw\bd\bd\debug\stdafx.obj
c:\programming\hw\bd\debug\bd.exe
c:\programming\hw\bd\debug\bd.ilk
c:\programming\hw\bd\debug\bd.pdb
c:\programming\hw\bd\bd\debug\bd.res
c:\programming\hw\bd\bd\debug\bd.tlog\cl.command.1.tlog
c:\programming\hw\bd\bd\debug\bd.tlog\cl.read.1.tlog
c:\programming\hw\bd\bd\debug\bd.tlog\cl.write.1.tlog
c:\programming\hw\bd\bd\debug\bd.tlog\link.command.1.tlog
c:\programming\hw\bd\bd\debug\bd.tlog\link.read.1.tlog
c:\programming\hw\bd\bd\debug\bd.tlog\link.write.1.tlog
c:\programming\hw\bd\bd\debug\bd.tlog\rc.command.1.tlog
c:\programming\hw\bd\bd\debug\bd.tlog\rc.read.1.tlog
c:\programming\hw\bd\bd\debug\bd.tlog\rc.write.1.tlog
